<?xml version="1.0" encoding="UTF-8"?>
<!-- Generated by org.testng.reporters.JUnitReportReporter -->
<testsuite skipped="0" hostname="sonalipat" name="com.test.maven.SelMaven.Selenium" tests="1" failures="0" timestamp="17 Jan 2018 09:36:44 GMT" time="18.885" errors="0">
  <testcase name="test" time="18.885" classname="com.test.maven.SelMaven.Selenium"/>
</testsuite> <!-- com.test.maven.SelMaven.Selenium -->
